<?xml version="1.0" encoding="UTF-8"?>
<!-- Generated by org.testng.reporters.JUnitReportReporter -->
<testsuite skipped="0" hostname="DARSHUPIE" name="test.HomePageTest" tests="1" failures="0" timestamp="2022-04-02T21:50:38 EDT" time="0.013" errors="0">
  <testcase name="test3" time="0.013" classname="test.HomePageTest"/>
  <system-out/>
</testsuite> <!-- test.HomePageTest -->
