<?xml version="1.0" encoding="UTF-8"?>
<!-- Generated by org.testng.reporters.JUnitReportReporter -->
<testsuite skipped="0" hostname="DARSHUPIE" name="test2.CheckoutTest" tests="1" failures="0" timestamp="2022-04-02T21:52:11 EDT" time="0.013" errors="0">
  <testcase name="test4" time="0.013" classname="test2.CheckoutTest"/>
  <system-out/>
</testsuite> <!-- test2.CheckoutTest -->
