<?xml version="1.0" encoding="UTF-8"?>
<!-- Generated by org.testng.reporters.JUnitReportReporter -->
<testsuite skipped="0" hostname="DARSHUPIE" name="pckg2.CheckoutTest" tests="1" failures="0" timestamp="2022-04-03T01:00:39 EDT" time="0.014" errors="0">
  <testcase name="test4" time="0.014" classname="pckg2.CheckoutTest"/>
  <system-out/>
</testsuite> <!-- pckg2.CheckoutTest -->
