<?xml version="1.0" encoding="UTF-8"?>
<!-- Generated by org.testng.reporters.JUnitReportReporter -->
<testsuite skipped="0" hostname="DARSHUPIE" name="pckg1.AnnotationExample" tests="3" failures="0" timestamp="2022-04-03T00:23:55 EDT" time="0.031" errors="0">
  <testcase name="test1" time="0.017" classname="pckg1.AnnotationExample"/>
  <system-out/>
  <testcase name="test5" time="0.006" classname="pckg1.AnnotationExample"/>
  <system-out/>
  <testcase name="test2" time="0.008" classname="pckg1.AnnotationExample"/>
  <system-out/>
</testsuite> <!-- pckg1.AnnotationExample -->
