<?xml version="1.0" encoding="UTF-8"?>
<!-- Generated by org.testng.reporters.JUnitReportReporter -->
<testsuite skipped="0" hostname="DARSHUPIE" name="test.AnnotationExample" tests="2" failures="0" timestamp="2022-04-02T21:43:02 EDT" time="0.022" errors="0">
  <testcase name="test1" time="0.015" classname="test.AnnotationExample"/>
  <system-out/>
  <testcase name="test2" time="0.007" classname="test.AnnotationExample"/>
  <system-out/>
</testsuite> <!-- test.AnnotationExample -->
