<?xml version="1.0" encoding="UTF-8"?>
<!-- Generated by org.testng.reporters.JUnitReportReporter -->
<testsuite skipped="0" hostname="DARSHUPIE" name="pckg1.HomePageTest" tests="4" failures="0" timestamp="2022-04-03T00:41:59 EDT" time="0.031" errors="0">
  <testcase name="test8" time="0.002" classname="pckg1.HomePageTest"/>
  <system-out/>
  <testcase name="test7" time="0.004" classname="pckg1.HomePageTest"/>
  <system-out/>
  <testcase name="test3" time="0.006" classname="pckg1.HomePageTest"/>
  <system-out/>
  <testcase name="test6" time="0.019" classname="pckg1.HomePageTest"/>
  <system-out/>
</testsuite> <!-- pckg1.HomePageTest -->
